<?xml version="1.0" encoding="UTF-8"?>
<testsuite name="com.kodilla.testing.weather.stub.WeatherForecastTestSuite" tests="1" skipped="0" failures="0" errors="0" timestamp="2024-01-23T18:08:36" hostname="sebczak-desktop" time="0.001">
  <properties/>
  <testcase name="testCalculateForecastWithStub()" classname="com.kodilla.testing.weather.stub.WeatherForecastTestSuite" time="0.001"/>
  <system-out><![CDATA[]]></system-out>
  <system-err><![CDATA[]]></system-err>
</testsuite>
