<?xml version="1.0" encoding="UTF-8"?>
<testsuite name="Tests for Posts" tests="2" skipped="0" failures="0" errors="0" timestamp="2024-01-21T20:39:51" hostname="sebczak-desktop" time="0.028">
  <properties/>
  <testcase name="testZeroPosts()" classname="com.kodilla.testing.forum.StatisticsTestSuite$TestPosts" time="0.01"/>
  <testcase name="testThousandPosts()" classname="com.kodilla.testing.forum.StatisticsTestSuite$TestPosts" time="0.011"/>
  <system-out><![CDATA[]]></system-out>
  <system-err><![CDATA[]]></system-err>
</testsuite>
