<?xml version="1.0" encoding="UTF-8"?>
<testsuite name="Tests for Comments" tests="4" skipped="0" failures="0" errors="0" timestamp="2024-01-19T20:03:00" hostname="sebczak-desktop" time="0.028">
  <properties/>
  <testcase name="testZeroComments()" classname="com.kodilla.testing.forum.StatisticsTestSuite$TestComments" time="0.004"/>
  <testcase name="testCommentsLessThanPosts()" classname="com.kodilla.testing.forum.StatisticsTestSuite$TestComments" time="0.006"/>
  <testcase name="testCommentsGreaterThanPosts()" classname="com.kodilla.testing.forum.StatisticsTestSuite$TestComments" time="0.005"/>
  <testcase name="testThousandComments()" classname="com.kodilla.testing.forum.StatisticsTestSuite$TestComments" time="0.007"/>
  <system-out><![CDATA[]]></system-out>
  <system-err><![CDATA[]]></system-err>
</testsuite>
