<?xml version="1.0" encoding="UTF-8"?>
<testsuite name="Tests for User Books" tests="3" skipped="0" failures="0" errors="0" timestamp="2024-01-23T18:08:36" hostname="sebczak-desktop" time="0.055">
  <properties/>
  <testcase name="testUserWithFiveBooks()" classname="com.kodilla.testing.library.BookDirectoryTestSuite$testUserBooks" time="0.049"/>
  <testcase name="testUserWithNoBooks()" classname="com.kodilla.testing.library.BookDirectoryTestSuite$testUserBooks" time="0.002"/>
  <testcase name="testUserWithOneBook()" classname="com.kodilla.testing.library.BookDirectoryTestSuite$testUserBooks" time="0.002"/>
  <system-out><![CDATA[]]></system-out>
  <system-err><![CDATA[]]></system-err>
</testsuite>
