<?xml version="1.0" encoding="UTF-8"?>
<testsuite name="Test for Books" tests="3" skipped="0" failures="0" errors="0" timestamp="2024-01-23T18:08:36" hostname="sebczak-desktop" time="0.014">
  <properties/>
  <testcase name="testListBooksWithConditionFragmentShorterThan3()" classname="com.kodilla.testing.library.BookDirectoryTestSuite$TestBooks" time="0.004"/>
  <testcase name="testListBooksWithConditionMoreThan20()" classname="com.kodilla.testing.library.BookDirectoryTestSuite$TestBooks" time="0.004"/>
  <testcase name="testListBooksWithConditionsReturnList()" classname="com.kodilla.testing.library.BookDirectoryTestSuite$TestBooks" time="0.002"/>
  <system-out><![CDATA[]]></system-out>
  <system-err><![CDATA[]]></system-err>
</testsuite>
