<?xml version="1.0" encoding="UTF-8"?>
<testsuite name="Tests for Triangle" tests="4" skipped="0" failures="0" errors="0" timestamp="2024-01-18T10:28:35" hostname="sebczak-desktop" time="0.046">
  <properties/>
  <testcase name="testTriangleAndField()" classname="com.kodilla.testing.shapes.tdd.ShapeCollectorTestSuite$TestTriangle" time="0.028"/>
  <testcase name="checkTriangleInList()" classname="com.kodilla.testing.shapes.tdd.ShapeCollectorTestSuite$TestTriangle" time="0.004"/>
  <testcase name="removeTriangle()" classname="com.kodilla.testing.shapes.tdd.ShapeCollectorTestSuite$TestTriangle" time="0.002"/>
  <testcase name="removeNonExistingTriangle()" classname="com.kodilla.testing.shapes.tdd.ShapeCollectorTestSuite$TestTriangle" time="0.004"/>
  <system-out><![CDATA[Preparing to execute test #1
Preparing to execute test #2
Preparing to execute test #3
Preparing to execute test #4
]]></system-out>
  <system-err><![CDATA[]]></system-err>
</testsuite>
