<?xml version="1.0" encoding="UTF-8"?>
<testsuite name="Tests for Rectangle" tests="4" skipped="0" failures="0" errors="0" timestamp="2024-01-18T10:18:21" hostname="sebczak-desktop" time="0.018">
  <properties/>
  <testcase name="removeNonExistingRectangle()" classname="com.kodilla.testing.shapes.tdd.ShapeCollectorTestSuite$TestRectangle" time="0.001"/>
  <testcase name="removeRectangle()" classname="com.kodilla.testing.shapes.tdd.ShapeCollectorTestSuite$TestRectangle" time="0.001"/>
  <testcase name="checkRectangleInList()" classname="com.kodilla.testing.shapes.tdd.ShapeCollectorTestSuite$TestRectangle" time="0.002"/>
  <testcase name="testCircleAndField()" classname="com.kodilla.testing.shapes.tdd.ShapeCollectorTestSuite$TestRectangle" time="0.01"/>
  <system-out><![CDATA[Preparing to execute test #5
Preparing to execute test #6
Preparing to execute test #7
Preparing to execute test #8
]]></system-out>
  <system-err><![CDATA[]]></system-err>
</testsuite>
