<?xml version="1.0" encoding="UTF-8"?>
<testsuite name="Forum Test Suite" tests="2" skipped="0" failures="0" errors="0" timestamp="2024-01-23T18:08:35" hostname="sebczak-desktop" time="0.008">
  <properties/>
  <testcase name="when create SimpleUser with realName, then getRealName should return real user name" classname="com.kodilla.testing.forum.ForumTestSuite" time="0.002"/>
  <testcase name="when created SimpleUser with name, then getUsername should return correct name" classname="com.kodilla.testing.forum.ForumTestSuite" time="0.003"/>
  <system-out><![CDATA[Test Suite: begin
Test Case: begin
Testing: John Smith
Test Case: end
Test Case: begin
Test Case: end
Test Suite: end
]]></system-out>
  <system-err><![CDATA[]]></system-err>
</testsuite>
