<?xml version="1.0" encoding="UTF-8"?>
<testsuite name="com.kodilla.KodillaCourseApplicationTests" tests="1" skipped="0" failures="0" errors="0" timestamp="2024-01-16T18:34:59" hostname="sebczak-desktop" time="0.924">
  <properties/>
  <testcase name="contextLoads()" classname="com.kodilla.KodillaCourseApplicationTests" time="0.924"/>
  <system-out><![CDATA[19:34:57.524 [Test worker] INFO org.springframework.test.context.support.AnnotationConfigContextLoaderUtils -- Could not detect default configuration classes for test class [com.kodilla.KodillaCourseApplicationTests]: KodillaCourseApplicationTests does not declare any static, non-private, non-final, nested classes annotated with @Configuration.
19:34:57.638 [Test worker] INFO org.springframework.boot.test.context.SpringBootTestContextBootstrapper -- Found @SpringBootConfiguration com.kodilla.KodillaCourseApplication for test class com.kodilla.KodillaCourseApplicationTests

  .   ____          _            __ _ _
 /\\ / ___'_ __ _ _(_)_ __  __ _ \ \ \ \
( ( )\___ | '_ | '_| | '_ \/ _` | \ \ \ \
 \\/  ___)| |_)| | | | | || (_| |  ) ) ) )
  '  |____| .__|_| |_|_| |_\__, | / / / /
 =========|_|==============|___/=/_/_/_/
 :: Spring Boot ::                (v3.2.1)

2024-01-16T19:34:58.035+01:00  INFO 11887 --- [    Test worker] c.kodilla.KodillaCourseApplicationTests  : Starting KodillaCourseApplicationTests using Java 17.0.9 with PID 11887 (started by sebczak in /home/sebczak/Documents/Projects/kodilla-course)
2024-01-16T19:34:58.037+01:00  INFO 11887 --- [    Test worker] c.kodilla.KodillaCourseApplicationTests  : No active profile set, falling back to 1 default profile: "default"
2024-01-16T19:34:59.137+01:00  INFO 11887 --- [    Test worker] c.kodilla.KodillaCourseApplicationTests  : Started KodillaCourseApplicationTests in 1.339 seconds (process running for 2.463)
]]></system-out>
  <system-err><![CDATA[]]></system-err>
</testsuite>
